[debug] [2022-07-26T20:28:46.407Z] ----------------------------------------------------------------------
[debug] [2022-07-26T20:28:46.410Z] Command:       C:\Program Files\nodejs\node.exe C:\Users\jbm03\AppData\Roaming\npm\node_modules\firebase-tools\lib\bin\firebase.js emulators:start
[debug] [2022-07-26T20:28:46.410Z] CLI Version:   11.3.0
[debug] [2022-07-26T20:28:46.410Z] Platform:      win32
[debug] [2022-07-26T20:28:46.410Z] Node Version:  v16.13.2
[debug] [2022-07-26T20:28:46.424Z] Time:          Tue Jul 26 2022 16:28:46 GMT-0400 (Eastern Daylight Time)
[debug] [2022-07-26T20:28:46.425Z] ----------------------------------------------------------------------
[debug] 
[debug] [2022-07-26T20:28:46.491Z] > command requires scopes: ["email","openid","https://www.googleapis.com/auth/cloudplatformprojects.readonly","https://www.googleapis.com/auth/firebase","https://www.googleapis.com/auth/cloud-platform"]
[debug] [2022-07-26T20:28:46.492Z] > authorizing via signed-in user (jbm03003@gmail.com)
[info] i  emulators: Starting emulators: functions, hosting {"metadata":{"emulator":{"name":"hub"},"message":"Starting emulators: functions, hosting"}}
[warn] !  emulators: It seems that you are running multiple instances of the emulator suite for project clone-3f5fd. This may result in unexpected behavior. 
[debug] [2022-07-26T20:28:46.578Z] [hub] writing locator at C:\Users\jbm03\AppData\Local\Temp\hub-clone-3f5fd.json
[warn] !  functions: The following emulators are not running, calls to these services from the Functions emulator will affect production: auth, firestore, database, pubsub, storage {"metadata":{"emulator":{"name":"functions"},"message":"The following emulators are not running, calls to these services from the Functions emulator will affect production: \u001b[1mauth, firestore, database, pubsub, storage\u001b[22m"}}
[info] +  functions: Using node@16 from host. {"metadata":{"emulator":{"name":"functions"},"message":"Using node@16 from host."}}
[debug] [2022-07-26T20:28:46.683Z] defaultcredentials: writing to file C:\Users\jbm03\AppData\Roaming\firebase\jbm03003_gmail_com_application_default_credentials.json
[debug] [2022-07-26T20:28:46.690Z] Setting GAC to C:\Users\jbm03\AppData\Roaming\firebase\jbm03003_gmail_com_application_default_credentials.json {"metadata":{"emulator":{"name":"functions"},"message":"Setting GAC to C:\\Users\\jbm03\\AppData\\Roaming\\firebase\\jbm03003_gmail_com_application_default_credentials.json"}}
[debug] [2022-07-26T20:28:46.692Z] > refreshing access token with scopes: []
[debug] [2022-07-26T20:28:46.694Z] >>> [apiv2][query] POST https://www.googleapis.com/oauth2/v3/token [none]
[debug] [2022-07-26T20:28:46.694Z] >>> [apiv2][body] POST https://www.googleapis.com/oauth2/v3/token [omitted]
[debug] [2022-07-26T20:28:46.883Z] <<< [apiv2][status] POST https://www.googleapis.com/oauth2/v3/token 200
[debug] [2022-07-26T20:28:46.884Z] <<< [apiv2][body] POST https://www.googleapis.com/oauth2/v3/token [omitted]
[debug] [2022-07-26T20:28:46.894Z] >>> [apiv2][query] GET https://firebase.googleapis.com/v1beta1/projects/clone-3f5fd/adminSdkConfig [none]
[debug] [2022-07-26T20:28:47.264Z] <<< [apiv2][status] GET https://firebase.googleapis.com/v1beta1/projects/clone-3f5fd/adminSdkConfig 200
[debug] [2022-07-26T20:28:47.265Z] <<< [apiv2][body] GET https://firebase.googleapis.com/v1beta1/projects/clone-3f5fd/adminSdkConfig {"projectId":"clone-3f5fd","storageBucket":"clone-3f5fd.appspot.com"}
[debug] [2022-07-26T20:28:47.294Z] >>> [apiv2][query] GET https://firebasehosting.googleapis.com/v1beta1/projects/clone-3f5fd/sites 
[debug] [2022-07-26T20:28:47.840Z] <<< [apiv2][status] GET https://firebasehosting.googleapis.com/v1beta1/projects/clone-3f5fd/sites 200
[debug] [2022-07-26T20:28:47.841Z] <<< [apiv2][body] GET https://firebasehosting.googleapis.com/v1beta1/projects/clone-3f5fd/sites {"sites":[{"name":"projects/clone-3f5fd/sites/clone-3f5fd","defaultUrl":"https://clone-3f5fd.web.app","appId":"1:283022519810:web:3d9d3292e10a3550f3c11b","type":"DEFAULT_SITE"}]}
[debug] [2022-07-26T20:28:47.841Z] >>> [apiv2][query] GET https://firebase.googleapis.com/v1beta1/projects/clone-3f5fd/webApps/1:283022519810:web:3d9d3292e10a3550f3c11b/config [none]
[debug] [2022-07-26T20:28:48.289Z] <<< [apiv2][status] GET https://firebase.googleapis.com/v1beta1/projects/clone-3f5fd/webApps/1:283022519810:web:3d9d3292e10a3550f3c11b/config 200
[debug] [2022-07-26T20:28:48.289Z] <<< [apiv2][body] GET https://firebase.googleapis.com/v1beta1/projects/clone-3f5fd/webApps/1:283022519810:web:3d9d3292e10a3550f3c11b/config {"projectId":"clone-3f5fd","appId":"1:283022519810:web:3d9d3292e10a3550f3c11b","storageBucket":"clone-3f5fd.appspot.com","apiKey":"AIzaSyDl9mbx4SfZ4XHTwozcm8qP-6WzTG_6svk","authDomain":"clone-3f5fd.firebaseapp.com","messagingSenderId":"283022519810","measurementId":"G-880P78RT19"}
[info] i  hosting: Serving hosting files from: build {"metadata":{"emulator":{"name":"hosting"},"message":"Serving hosting files from: \u001b[1mbuild\u001b[22m"}}
[info] +  hosting: Local server: http://localhost:5000 {"metadata":{"emulator":{"name":"hosting"},"message":"Local server: \u001b[4m\u001b[1mhttp://localhost:5000\u001b[22m\u001b[24m"}}
[debug] [2022-07-26T20:28:48.336Z] Ignoring unsupported arg: auto_download {"metadata":{"emulator":{"name":"ui"},"message":"Ignoring unsupported arg: auto_download"}}
[debug] [2022-07-26T20:28:48.337Z] Ignoring unsupported arg: port {"metadata":{"emulator":{"name":"ui"},"message":"Ignoring unsupported arg: port"}}
[debug] [2022-07-26T20:28:48.337Z] Starting Emulator UI with command {"binary":"node","args":["C:\\Users\\jbm03\\.cache\\firebase\\emulators\\ui-v1.8.1\\server\\server.js"],"optionalArgs":[],"joinArgs":false} {"metadata":{"emulator":{"name":"ui"},"message":"Starting Emulator UI with command {\"binary\":\"node\",\"args\":[\"C:\\\\Users\\\\jbm03\\\\.cache\\\\firebase\\\\emulators\\\\ui-v1.8.1\\\\server\\\\server.js\"],\"optionalArgs\":[],\"joinArgs\":false}"}}
[info] i  ui: Emulator UI logging to ui-debug.log {"metadata":{"emulator":{"name":"ui"},"message":"Emulator UI logging to \u001b[1mui-debug.log\u001b[22m"}}
[debug] [2022-07-26T20:28:48.534Z] Web / API server started at localhost:4000
 {"metadata":{"emulator":{"name":"ui"},"message":"Web / API server started at localhost:4000\n"}}
[info] i  functions: Watching "C:\Users\jbm03\Desktop\projects\amazon-clone\functions" for Cloud Functions... {"metadata":{"emulator":{"name":"functions"},"message":"Watching \"C:\\Users\\jbm03\\Desktop\\projects\\amazon-clone\\functions\" for Cloud Functions..."}}
[debug] [2022-07-26T20:28:48.613Z] Validating nodejs source
[debug] [2022-07-26T20:28:51.485Z] > [functions] package.json contents: {
  "name": "functions",
  "description": "Cloud Functions for Firebase",
  "scripts": {
    "lint": "eslint",
    "serve": "firebase emulators:start --only functions",
    "shell": "firebase functions:shell",
    "start": "npm run shell",
    "deploy": "firebase deploy --only functions",
    "logs": "firebase functions:log"
  },
  "engines": {
    "node": "16"
  },
  "main": "index.js",
  "dependencies": {
    "cors": "^2.8.5",
    "express": "^4.18.1",
    "firebase-admin": "^10.0.2",
    "firebase-functions": "^3.18.0",
    "stripe": "^9.15.0"
  },
  "devDependencies": {
    "eslint": "^8.9.0",
    "eslint-config-google": "^0.14.0",
    "firebase-functions-test": "^0.2.0"
  },
  "private": true
}
[debug] [2022-07-26T20:28:51.485Z] Building nodejs source
[debug] [2022-07-26T20:28:51.485Z] Analyzing nodejs backend spec
[debug] [2022-07-26T20:28:51.486Z] Could not find functions.yaml. Must use http discovery
[debug] [2022-07-26T20:28:51.841Z] Serving at port 9005

[debug] [2022-07-26T20:28:52.035Z] Got response from /__/functions.yaml {"endpoints":{"api":{"platform":"gcfv1","httpsTrigger":{},"entryPoint":"api"}},"specVersion":"v1alpha1","requiredAPIs":[]}
[debug] [2022-07-26T20:28:52.040Z] shutdown requested via /__/quitquitquit

[info] +  functions[us-central1-api]: http function initialized (http://localhost:5001/clone-3f5fd/us-central1/api). {"metadata":{"emulator":{"name":"functions"},"message":"\u001b[1mhttp\u001b[22m function initialized (http://localhost:5001/clone-3f5fd/us-central1/api)."}}
[info] 
┌─────────────────────────────────────────────────────────────┐
│ ✔  All emulators ready! It is now safe to connect your app. │
│ i  View Emulator UI at http://localhost:4000                │
└─────────────────────────────────────────────────────────────┘

┌───────────┬────────────────┬─────────────────────────────────┐
│ Emulator  │ Host:Port      │ View in Emulator UI             │
├───────────┼────────────────┼─────────────────────────────────┤
│ Functions │ localhost:5001 │ http://localhost:4000/functions │
├───────────┼────────────────┼─────────────────────────────────┤
│ Hosting   │ localhost:5000 │ n/a                             │
└───────────┴────────────────┴─────────────────────────────────┘
  Emulator Hub running at localhost:4400
  Other reserved ports: 4500

Issues? Report them at https://github.com/firebase/firebase-tools/issues and attach the *-debug.log files.
 
[debug] [2022-07-26T20:33:36.189Z] File C:\Users\jbm03\Desktop\projects\amazon-clone\functions\index.js changed, reloading triggers {"metadata":{"emulator":{"name":"functions"},"message":"File C:\\Users\\jbm03\\Desktop\\projects\\amazon-clone\\functions\\index.js changed, reloading triggers"}}
[debug] [2022-07-26T20:33:37.191Z] Validating nodejs source
[debug] [2022-07-26T20:33:39.603Z] > [functions] package.json contents: {
  "name": "functions",
  "description": "Cloud Functions for Firebase",
  "scripts": {
    "lint": "eslint",
    "serve": "firebase emulators:start --only functions",
    "shell": "firebase functions:shell",
    "start": "npm run shell",
    "deploy": "firebase deploy --only functions",
    "logs": "firebase functions:log"
  },
  "engines": {
    "node": "16"
  },
  "main": "index.js",
  "dependencies": {
    "cors": "^2.8.5",
    "express": "^4.18.1",
    "firebase-admin": "^10.0.2",
    "firebase-functions": "^3.18.0",
    "stripe": "^9.15.0"
  },
  "devDependencies": {
    "eslint": "^8.9.0",
    "eslint-config-google": "^0.14.0",
    "firebase-functions-test": "^0.2.0"
  },
  "private": true
}
[debug] [2022-07-26T20:33:39.603Z] Building nodejs source
[debug] [2022-07-26T20:33:39.603Z] Analyzing nodejs backend spec
[debug] [2022-07-26T20:33:39.604Z] Could not find functions.yaml. Must use http discovery
[debug] [2022-07-26T20:33:39.858Z] Serving at port 9005

[debug] [2022-07-26T20:33:40.009Z] Got response from /__/functions.yaml {"endpoints":{"api":{"platform":"gcfv1","httpsTrigger":{},"entryPoint":"api"}},"specVersion":"v1alpha1","requiredAPIs":[]}
[debug] [2022-07-26T20:33:40.013Z] shutdown requested via /__/quitquitquit

[debug] [2022-07-26T20:35:39.633Z] File C:\Users\jbm03\Desktop\projects\amazon-clone\functions\index.js changed, reloading triggers {"metadata":{"emulator":{"name":"functions"},"message":"File C:\\Users\\jbm03\\Desktop\\projects\\amazon-clone\\functions\\index.js changed, reloading triggers"}}
[debug] [2022-07-26T20:35:40.635Z] Validating nodejs source
[debug] [2022-07-26T20:35:43.124Z] > [functions] package.json contents: {
  "name": "functions",
  "description": "Cloud Functions for Firebase",
  "scripts": {
    "lint": "eslint",
    "serve": "firebase emulators:start --only functions",
    "shell": "firebase functions:shell",
    "start": "npm run shell",
    "deploy": "firebase deploy --only functions",
    "logs": "firebase functions:log"
  },
  "engines": {
    "node": "16"
  },
  "main": "index.js",
  "dependencies": {
    "cors": "^2.8.5",
    "express": "^4.18.1",
    "firebase-admin": "^10.0.2",
    "firebase-functions": "^3.18.0",
    "stripe": "^9.15.0"
  },
  "devDependencies": {
    "eslint": "^8.9.0",
    "eslint-config-google": "^0.14.0",
    "firebase-functions-test": "^0.2.0"
  },
  "private": true
}
[debug] [2022-07-26T20:35:43.124Z] Building nodejs source
[debug] [2022-07-26T20:35:43.124Z] Analyzing nodejs backend spec
[debug] [2022-07-26T20:35:43.124Z] Could not find functions.yaml. Must use http discovery
[debug] [2022-07-26T20:35:43.355Z] Serving at port 9005

[debug] [2022-07-26T20:35:43.485Z] Got response from /__/functions.yaml {"endpoints":{"api":{"platform":"gcfv1","httpsTrigger":{},"entryPoint":"api"}},"specVersion":"v1alpha1","requiredAPIs":[]}
[debug] [2022-07-26T20:35:43.489Z] shutdown requested via /__/quitquitquit

[debug] [2022-07-26T20:40:29.995Z] [work-queue] {"queueLength":1,"workRunningCount":0}
[debug] [2022-07-26T20:40:29.995Z] [work-queue] {"queueLength":0,"workRunningCount":1}
[debug] [2022-07-26T20:40:29.995Z] Accepted request GET /clone-3f5fd/us-central1/api --> us-central1-api
[debug] [2022-07-26T20:40:30.007Z] [worker-pool] addWorker(us-central1-api) {"metadata":{"emulator":{"name":"functions"},"message":"[worker-pool] addWorker(us-central1-api)"}}
[debug] [2022-07-26T20:40:30.007Z] [worker-pool] Adding worker with key us-central1-api, total=1 {"metadata":{"emulator":{"name":"functions"},"message":"[worker-pool] Adding worker with key us-central1-api, total=1"}}
[debug] [2022-07-26T20:40:30.008Z] [worker-pool] submitWork(triggerId=us-central1-api) {"metadata":{"emulator":{"name":"functions"},"message":"[worker-pool] submitWork(triggerId=us-central1-api)"}}
[debug] [2022-07-26T20:40:30.008Z] [worker-us-central1-api-9bfa7b31-dd09-4c29-9411-dbf67c967cc7]: BUSY {"metadata":{"emulator":{"name":"functions"},"message":"[worker-us-central1-api-9bfa7b31-dd09-4c29-9411-dbf67c967cc7]: BUSY"}}
[debug] [2022-07-26T20:40:31.443Z] [runtime-status] [132] Resolved module firebase-admin {"declared":true,"installed":true,"version":"10.3.0","resolution":"C:\\Users\\jbm03\\Desktop\\projects\\amazon-clone\\functions\\node_modules\\firebase-admin\\lib\\index.js"} {"metadata":{"emulator":{"name":"functions"},"function":{"name":"us-central1-api"},"extension":{},"message":"[runtime-status] [132] Resolved module firebase-admin {\"declared\":true,\"installed\":true,\"version\":\"10.3.0\",\"resolution\":\"C:\\\\Users\\\\jbm03\\\\Desktop\\\\projects\\\\amazon-clone\\\\functions\\\\node_modules\\\\firebase-admin\\\\lib\\\\index.js\"}"}}
[debug] [2022-07-26T20:40:31.444Z] [runtime-status] [132] Resolved module firebase-functions {"declared":true,"installed":true,"version":"3.22.0","resolution":"C:\\Users\\jbm03\\Desktop\\projects\\amazon-clone\\functions\\node_modules\\firebase-functions\\lib\\index.js"} {"metadata":{"emulator":{"name":"functions"},"function":{"name":"us-central1-api"},"extension":{},"message":"[runtime-status] [132] Resolved module firebase-functions {\"declared\":true,\"installed\":true,\"version\":\"3.22.0\",\"resolution\":\"C:\\\\Users\\\\jbm03\\\\Desktop\\\\projects\\\\amazon-clone\\\\functions\\\\node_modules\\\\firebase-functions\\\\lib\\\\index.js\"}"}}
[debug] [2022-07-26T20:40:31.445Z] [runtime-status] [132] Outgoing network have been stubbed. [{"name":"http","status":"mocked"},{"name":"http","status":"mocked"},{"name":"https","status":"mocked"},{"name":"https","status":"mocked"},{"name":"net","status":"mocked"}] {"metadata":{"emulator":{"name":"functions"},"function":{"name":"us-central1-api"},"extension":{},"message":"[runtime-status] [132] Outgoing network have been stubbed. [{\"name\":\"http\",\"status\":\"mocked\"},{\"name\":\"http\",\"status\":\"mocked\"},{\"name\":\"https\",\"status\":\"mocked\"},{\"name\":\"https\",\"status\":\"mocked\"},{\"name\":\"net\",\"status\":\"mocked\"}]"}}
[debug] [2022-07-26T20:40:31.445Z] [runtime-status] [132] Resolved module firebase-functions {"declared":true,"installed":true,"version":"3.22.0","resolution":"C:\\Users\\jbm03\\Desktop\\projects\\amazon-clone\\functions\\node_modules\\firebase-functions\\lib\\index.js"} {"metadata":{"emulator":{"name":"functions"},"function":{"name":"us-central1-api"},"extension":{},"message":"[runtime-status] [132] Resolved module firebase-functions {\"declared\":true,\"installed\":true,\"version\":\"3.22.0\",\"resolution\":\"C:\\\\Users\\\\jbm03\\\\Desktop\\\\projects\\\\amazon-clone\\\\functions\\\\node_modules\\\\firebase-functions\\\\lib\\\\index.js\"}"}}
[debug] [2022-07-26T20:40:31.494Z] [runtime-status] [132] Checked functions.config() {"config":{}} {"metadata":{"emulator":{"name":"functions"},"function":{"name":"us-central1-api"},"extension":{},"message":"[runtime-status] [132] Checked functions.config() {\"config\":{}}"}}
[debug] [2022-07-26T20:40:31.495Z] [runtime-status] [132] firebase-functions has been stubbed. {"functionsResolution":{"declared":true,"installed":true,"version":"3.22.0","resolution":"C:\\Users\\jbm03\\Desktop\\projects\\amazon-clone\\functions\\node_modules\\firebase-functions\\lib\\index.js"}} {"metadata":{"emulator":{"name":"functions"},"function":{"name":"us-central1-api"},"extension":{},"message":"[runtime-status] [132] firebase-functions has been stubbed. {\"functionsResolution\":{\"declared\":true,\"installed\":true,\"version\":\"3.22.0\",\"resolution\":\"C:\\\\Users\\\\jbm03\\\\Desktop\\\\projects\\\\amazon-clone\\\\functions\\\\node_modules\\\\firebase-functions\\\\lib\\\\index.js\"}}"}}
[debug] [2022-07-26T20:40:31.495Z] [runtime-status] [132] Resolved module firebase-functions {"declared":true,"installed":true,"version":"3.22.0","resolution":"C:\\Users\\jbm03\\Desktop\\projects\\amazon-clone\\functions\\node_modules\\firebase-functions\\lib\\index.js"} {"metadata":{"emulator":{"name":"functions"},"function":{"name":"us-central1-api"},"extension":{},"message":"[runtime-status] [132] Resolved module firebase-functions {\"declared\":true,\"installed\":true,\"version\":\"3.22.0\",\"resolution\":\"C:\\\\Users\\\\jbm03\\\\Desktop\\\\projects\\\\amazon-clone\\\\functions\\\\node_modules\\\\firebase-functions\\\\lib\\\\index.js\"}"}}
[debug] [2022-07-26T20:40:31.497Z] [runtime-status] [132] Resolved module firebase-admin {"declared":true,"installed":true,"version":"10.3.0","resolution":"C:\\Users\\jbm03\\Desktop\\projects\\amazon-clone\\functions\\node_modules\\firebase-admin\\lib\\index.js"} {"metadata":{"emulator":{"name":"functions"},"function":{"name":"us-central1-api"},"extension":{},"message":"[runtime-status] [132] Resolved module firebase-admin {\"declared\":true,\"installed\":true,\"version\":\"10.3.0\",\"resolution\":\"C:\\\\Users\\\\jbm03\\\\Desktop\\\\projects\\\\amazon-clone\\\\functions\\\\node_modules\\\\firebase-admin\\\\lib\\\\index.js\"}"}}
[debug] [2022-07-26T20:40:31.498Z] [runtime-status] [132] Resolved module firebase-functions {"declared":true,"installed":true,"version":"3.22.0","resolution":"C:\\Users\\jbm03\\Desktop\\projects\\amazon-clone\\functions\\node_modules\\firebase-functions\\lib\\index.js"} {"metadata":{"emulator":{"name":"functions"},"function":{"name":"us-central1-api"},"extension":{},"message":"[runtime-status] [132] Resolved module firebase-functions {\"declared\":true,\"installed\":true,\"version\":\"3.22.0\",\"resolution\":\"C:\\\\Users\\\\jbm03\\\\Desktop\\\\projects\\\\amazon-clone\\\\functions\\\\node_modules\\\\firebase-functions\\\\lib\\\\index.js\"}"}}
[debug] [2022-07-26T20:40:31.498Z] [runtime-status] [132] firebase-admin has been stubbed. {"adminResolution":{"declared":true,"installed":true,"version":"10.3.0","resolution":"C:\\Users\\jbm03\\Desktop\\projects\\amazon-clone\\functions\\node_modules\\firebase-admin\\lib\\index.js"}} {"metadata":{"emulator":{"name":"functions"},"function":{"name":"us-central1-api"},"extension":{},"message":"[runtime-status] [132] firebase-admin has been stubbed. {\"adminResolution\":{\"declared\":true,\"installed\":true,\"version\":\"10.3.0\",\"resolution\":\"C:\\\\Users\\\\jbm03\\\\Desktop\\\\projects\\\\amazon-clone\\\\functions\\\\node_modules\\\\firebase-admin\\\\lib\\\\index.js\"}}"}}
[debug] [2022-07-26T20:40:31.498Z] [runtime-status] [132] Functions runtime initialized. {"cwd":"C:\\Users\\jbm03\\Desktop\\projects\\amazon-clone\\functions","node_version":"16.13.2"} {"metadata":{"emulator":{"name":"functions"},"function":{"name":"us-central1-api"},"extension":{},"message":"[runtime-status] [132] Functions runtime initialized. {\"cwd\":\"C:\\\\Users\\\\jbm03\\\\Desktop\\\\projects\\\\amazon-clone\\\\functions\",\"node_version\":\"16.13.2\"}"}}
[debug] [2022-07-26T20:40:31.675Z] [runtime-status] [132] Beginning invocation function api! {"metadata":{"emulator":{"name":"functions"},"function":{"name":"us-central1-api"},"extension":{},"message":"[runtime-status] [132] Beginning invocation function api!"}}
[info] i  functions: Beginning execution of "api" {"metadata":{"emulator":{"name":"functions"},"function":{"name":"us-central1-api"},"extension":{},"message":"Beginning execution of \"api\""}}
[debug] [2022-07-26T20:40:31.676Z] [runtime-status] [132] Running api in signature http {"metadata":{"emulator":{"name":"functions"},"function":{"name":"us-central1-api"},"extension":{},"message":"[runtime-status] [132] Running api in signature http"}}
[debug] [2022-07-26T20:40:31.679Z] [runtime-status] [132] Attempting to listen to port: \\?\pipe\fire_emu_3c2cf1a47482d1f2 {"metadata":{"emulator":{"name":"functions"},"function":{"name":"us-central1-api"},"extension":{},"message":"[runtime-status] [132] Attempting to listen to port: \\\\?\\pipe\\fire_emu_3c2cf1a47482d1f2"}}
[debug] [2022-07-26T20:40:31.775Z] [functions] Runtime ready! Sending request! {"metadata":{"emulator":{"name":"functions"},"message":"[functions] Runtime ready! Sending request!"}}
[debug] [2022-07-26T20:40:31.776Z] [functions] Got req.url=/clone-3f5fd/us-central1/api, mapping to path=/ {"metadata":{"emulator":{"name":"functions"},"message":"[functions] Got req.url=/clone-3f5fd/us-central1/api, mapping to path=/"}}
[debug] [2022-07-26T20:40:31.779Z] [runtime-status] [132] Ephemeral server handling GET request {"metadata":{"emulator":{"name":"functions"},"function":{"name":"us-central1-api"},"extension":{},"message":"[runtime-status] [132] Ephemeral server handling GET request"}}
[debug] [2022-07-26T20:40:31.785Z] [runtime-status] [132] Ephemeral server survived. {"metadata":{"emulator":{"name":"functions"},"function":{"name":"us-central1-api"},"extension":{},"message":"[runtime-status] [132] Ephemeral server survived."}}
[info] i  functions: Finished "api" in ~1s {"metadata":{"emulator":{"name":"functions"},"function":{"name":"us-central1-api"},"extension":{},"message":"Finished \"api\" in ~1s"}}
[debug] [2022-07-26T20:40:31.787Z] [worker-us-central1-api-9bfa7b31-dd09-4c29-9411-dbf67c967cc7]: IDLE {"metadata":{"emulator":{"name":"functions"},"message":"[worker-us-central1-api-9bfa7b31-dd09-4c29-9411-dbf67c967cc7]: IDLE"}}
[debug] [2022-07-26T20:40:31.787Z] [work-queue] {"queueLength":0,"workRunningCount":0}
[debug] [2022-07-26T20:40:54.493Z] File C:\Users\jbm03\Desktop\projects\amazon-clone\functions\index.js changed, reloading triggers {"metadata":{"emulator":{"name":"functions"},"message":"File C:\\Users\\jbm03\\Desktop\\projects\\amazon-clone\\functions\\index.js changed, reloading triggers"}}
[debug] [2022-07-26T20:40:55.506Z] [worker-pool] Shutting down IDLE worker (us-central1-api) {"metadata":{"emulator":{"name":"functions"},"message":"[worker-pool] Shutting down IDLE worker (us-central1-api)"}}
[debug] [2022-07-26T20:40:55.507Z] [worker-us-central1-api-9bfa7b31-dd09-4c29-9411-dbf67c967cc7]: FINISHING {"metadata":{"emulator":{"name":"functions"},"message":"[worker-us-central1-api-9bfa7b31-dd09-4c29-9411-dbf67c967cc7]: FINISHING"}}
[debug] [2022-07-26T20:40:55.512Z] Validating nodejs source
[debug] [2022-07-26T20:40:57.900Z] > [functions] package.json contents: {
  "name": "functions",
  "description": "Cloud Functions for Firebase",
  "scripts": {
    "lint": "eslint",
    "serve": "firebase emulators:start --only functions",
    "shell": "firebase functions:shell",
    "start": "npm run shell",
    "deploy": "firebase deploy --only functions",
    "logs": "firebase functions:log"
  },
  "engines": {
    "node": "16"
  },
  "main": "index.js",
  "dependencies": {
    "cors": "^2.8.5",
    "express": "^4.18.1",
    "firebase-admin": "^10.0.2",
    "firebase-functions": "^3.18.0",
    "stripe": "^9.15.0"
  },
  "devDependencies": {
    "eslint": "^8.9.0",
    "eslint-config-google": "^0.14.0",
    "firebase-functions-test": "^0.2.0"
  },
  "private": true
}
[debug] [2022-07-26T20:40:57.900Z] Building nodejs source
[debug] [2022-07-26T20:40:57.901Z] Analyzing nodejs backend spec
[debug] [2022-07-26T20:40:57.902Z] [worker-us-central1-api-9bfa7b31-dd09-4c29-9411-dbf67c967cc7]: exited {"metadata":{"emulator":{"name":"functions"},"message":"[worker-us-central1-api-9bfa7b31-dd09-4c29-9411-dbf67c967cc7]: exited"}}
[debug] [2022-07-26T20:40:57.903Z] [worker-us-central1-api-9bfa7b31-dd09-4c29-9411-dbf67c967cc7]: FINISHED {"metadata":{"emulator":{"name":"functions"},"message":"[worker-us-central1-api-9bfa7b31-dd09-4c29-9411-dbf67c967cc7]: FINISHED"}}
[debug] [2022-07-26T20:40:57.904Z] Could not find functions.yaml. Must use http discovery
[debug] [2022-07-26T20:40:57.918Z] File C:\Users\jbm03\Desktop\projects\amazon-clone\functions\index.js changed, reloading triggers {"metadata":{"emulator":{"name":"functions"},"message":"File C:\\Users\\jbm03\\Desktop\\projects\\amazon-clone\\functions\\index.js changed, reloading triggers"}}
[debug] [2022-07-26T20:40:58.124Z] Serving at port 9005

[debug] [2022-07-26T20:40:58.248Z] Got response from /__/functions.yaml {"endpoints":{"api":{"platform":"gcfv1","httpsTrigger":{},"entryPoint":"api"}},"specVersion":"v1alpha1","requiredAPIs":[]}
[debug] [2022-07-26T20:40:58.252Z] shutdown requested via /__/quitquitquit

[debug] [2022-07-26T20:40:58.923Z] Validating nodejs source
[debug] [2022-07-26T20:41:01.211Z] > [functions] package.json contents: {
  "name": "functions",
  "description": "Cloud Functions for Firebase",
  "scripts": {
    "lint": "eslint",
    "serve": "firebase emulators:start --only functions",
    "shell": "firebase functions:shell",
    "start": "npm run shell",
    "deploy": "firebase deploy --only functions",
    "logs": "firebase functions:log"
  },
  "engines": {
    "node": "16"
  },
  "main": "index.js",
  "dependencies": {
    "cors": "^2.8.5",
    "express": "^4.18.1",
    "firebase-admin": "^10.0.2",
    "firebase-functions": "^3.18.0",
    "stripe": "^9.15.0"
  },
  "devDependencies": {
    "eslint": "^8.9.0",
    "eslint-config-google": "^0.14.0",
    "firebase-functions-test": "^0.2.0"
  },
  "private": true
}
[debug] [2022-07-26T20:41:01.211Z] Building nodejs source
[debug] [2022-07-26T20:41:01.211Z] Analyzing nodejs backend spec
[debug] [2022-07-26T20:41:01.212Z] Could not find functions.yaml. Must use http discovery
[debug] [2022-07-26T20:41:01.472Z] Serving at port 9005

[debug] [2022-07-26T20:41:01.618Z] Got response from /__/functions.yaml {"endpoints":{"api":{"platform":"gcfv1","httpsTrigger":{},"entryPoint":"api"}},"specVersion":"v1alpha1","requiredAPIs":[]}
[debug] [2022-07-26T20:41:01.622Z] shutdown requested via /__/quitquitquit

[debug] [2022-07-26T20:44:58.501Z] [work-queue] {"queueLength":1,"workRunningCount":0}
[debug] [2022-07-26T20:44:58.502Z] [work-queue] {"queueLength":0,"workRunningCount":1}
[debug] [2022-07-26T20:44:58.502Z] Accepted request GET /clone-3f5fd/us-central1/api --> us-central1-api
[debug] [2022-07-26T20:44:58.502Z] [worker-pool] Cleaned up workers for us-central1-api: 1 --> 0 {"metadata":{"emulator":{"name":"functions"},"message":"[worker-pool] Cleaned up workers for us-central1-api: 1 --> 0"}}
[debug] [2022-07-26T20:44:58.517Z] [worker-pool] addWorker(us-central1-api) {"metadata":{"emulator":{"name":"functions"},"message":"[worker-pool] addWorker(us-central1-api)"}}
[debug] [2022-07-26T20:44:58.517Z] [worker-pool] Adding worker with key us-central1-api, total=1 {"metadata":{"emulator":{"name":"functions"},"message":"[worker-pool] Adding worker with key us-central1-api, total=1"}}
[debug] [2022-07-26T20:44:58.517Z] [worker-pool] submitWork(triggerId=us-central1-api) {"metadata":{"emulator":{"name":"functions"},"message":"[worker-pool] submitWork(triggerId=us-central1-api)"}}
[debug] [2022-07-26T20:44:58.518Z] [worker-us-central1-api-5059a06e-ebde-4df7-bd09-bfc3adae3837]: BUSY {"metadata":{"emulator":{"name":"functions"},"message":"[worker-us-central1-api-5059a06e-ebde-4df7-bd09-bfc3adae3837]: BUSY"}}
[debug] [2022-07-26T20:44:59.990Z] [runtime-status] [7240] Resolved module firebase-admin {"declared":true,"installed":true,"version":"10.3.0","resolution":"C:\\Users\\jbm03\\Desktop\\projects\\amazon-clone\\functions\\node_modules\\firebase-admin\\lib\\index.js"} {"metadata":{"emulator":{"name":"functions"},"function":{"name":"us-central1-api"},"extension":{},"message":"[runtime-status] [7240] Resolved module firebase-admin {\"declared\":true,\"installed\":true,\"version\":\"10.3.0\",\"resolution\":\"C:\\\\Users\\\\jbm03\\\\Desktop\\\\projects\\\\amazon-clone\\\\functions\\\\node_modules\\\\firebase-admin\\\\lib\\\\index.js\"}"}}
[debug] [2022-07-26T20:44:59.992Z] [runtime-status] [7240] Resolved module firebase-functions {"declared":true,"installed":true,"version":"3.22.0","resolution":"C:\\Users\\jbm03\\Desktop\\projects\\amazon-clone\\functions\\node_modules\\firebase-functions\\lib\\index.js"} {"metadata":{"emulator":{"name":"functions"},"function":{"name":"us-central1-api"},"extension":{},"message":"[runtime-status] [7240] Resolved module firebase-functions {\"declared\":true,\"installed\":true,\"version\":\"3.22.0\",\"resolution\":\"C:\\\\Users\\\\jbm03\\\\Desktop\\\\projects\\\\amazon-clone\\\\functions\\\\node_modules\\\\firebase-functions\\\\lib\\\\index.js\"}"}}
[debug] [2022-07-26T20:44:59.993Z] [runtime-status] [7240] Outgoing network have been stubbed. [{"name":"http","status":"mocked"},{"name":"http","status":"mocked"},{"name":"https","status":"mocked"},{"name":"https","status":"mocked"},{"name":"net","status":"mocked"}] {"metadata":{"emulator":{"name":"functions"},"function":{"name":"us-central1-api"},"extension":{},"message":"[runtime-status] [7240] Outgoing network have been stubbed. [{\"name\":\"http\",\"status\":\"mocked\"},{\"name\":\"http\",\"status\":\"mocked\"},{\"name\":\"https\",\"status\":\"mocked\"},{\"name\":\"https\",\"status\":\"mocked\"},{\"name\":\"net\",\"status\":\"mocked\"}]"}}
[debug] [2022-07-26T20:44:59.994Z] [runtime-status] [7240] Resolved module firebase-functions {"declared":true,"installed":true,"version":"3.22.0","resolution":"C:\\Users\\jbm03\\Desktop\\projects\\amazon-clone\\functions\\node_modules\\firebase-functions\\lib\\index.js"} {"metadata":{"emulator":{"name":"functions"},"function":{"name":"us-central1-api"},"extension":{},"message":"[runtime-status] [7240] Resolved module firebase-functions {\"declared\":true,\"installed\":true,\"version\":\"3.22.0\",\"resolution\":\"C:\\\\Users\\\\jbm03\\\\Desktop\\\\projects\\\\amazon-clone\\\\functions\\\\node_modules\\\\firebase-functions\\\\lib\\\\index.js\"}"}}
[debug] [2022-07-26T20:45:00.045Z] [runtime-status] [7240] Checked functions.config() {"config":{}} {"metadata":{"emulator":{"name":"functions"},"function":{"name":"us-central1-api"},"extension":{},"message":"[runtime-status] [7240] Checked functions.config() {\"config\":{}}"}}
[debug] [2022-07-26T20:45:00.046Z] [runtime-status] [7240] firebase-functions has been stubbed. {"functionsResolution":{"declared":true,"installed":true,"version":"3.22.0","resolution":"C:\\Users\\jbm03\\Desktop\\projects\\amazon-clone\\functions\\node_modules\\firebase-functions\\lib\\index.js"}} {"metadata":{"emulator":{"name":"functions"},"function":{"name":"us-central1-api"},"extension":{},"message":"[runtime-status] [7240] firebase-functions has been stubbed. {\"functionsResolution\":{\"declared\":true,\"installed\":true,\"version\":\"3.22.0\",\"resolution\":\"C:\\\\Users\\\\jbm03\\\\Desktop\\\\projects\\\\amazon-clone\\\\functions\\\\node_modules\\\\firebase-functions\\\\lib\\\\index.js\"}}"}}
[debug] [2022-07-26T20:45:00.046Z] [runtime-status] [7240] Resolved module firebase-functions {"declared":true,"installed":true,"version":"3.22.0","resolution":"C:\\Users\\jbm03\\Desktop\\projects\\amazon-clone\\functions\\node_modules\\firebase-functions\\lib\\index.js"} {"metadata":{"emulator":{"name":"functions"},"function":{"name":"us-central1-api"},"extension":{},"message":"[runtime-status] [7240] Resolved module firebase-functions {\"declared\":true,\"installed\":true,\"version\":\"3.22.0\",\"resolution\":\"C:\\\\Users\\\\jbm03\\\\Desktop\\\\projects\\\\amazon-clone\\\\functions\\\\node_modules\\\\firebase-functions\\\\lib\\\\index.js\"}"}}
[debug] [2022-07-26T20:45:00.048Z] [runtime-status] [7240] Resolved module firebase-admin {"declared":true,"installed":true,"version":"10.3.0","resolution":"C:\\Users\\jbm03\\Desktop\\projects\\amazon-clone\\functions\\node_modules\\firebase-admin\\lib\\index.js"} {"metadata":{"emulator":{"name":"functions"},"function":{"name":"us-central1-api"},"extension":{},"message":"[runtime-status] [7240] Resolved module firebase-admin {\"declared\":true,\"installed\":true,\"version\":\"10.3.0\",\"resolution\":\"C:\\\\Users\\\\jbm03\\\\Desktop\\\\projects\\\\amazon-clone\\\\functions\\\\node_modules\\\\firebase-admin\\\\lib\\\\index.js\"}"}}
[debug] [2022-07-26T20:45:00.049Z] [runtime-status] [7240] Resolved module firebase-functions {"declared":true,"installed":true,"version":"3.22.0","resolution":"C:\\Users\\jbm03\\Desktop\\projects\\amazon-clone\\functions\\node_modules\\firebase-functions\\lib\\index.js"} {"metadata":{"emulator":{"name":"functions"},"function":{"name":"us-central1-api"},"extension":{},"message":"[runtime-status] [7240] Resolved module firebase-functions {\"declared\":true,\"installed\":true,\"version\":\"3.22.0\",\"resolution\":\"C:\\\\Users\\\\jbm03\\\\Desktop\\\\projects\\\\amazon-clone\\\\functions\\\\node_modules\\\\firebase-functions\\\\lib\\\\index.js\"}"}}
[debug] [2022-07-26T20:45:00.049Z] [runtime-status] [7240] firebase-admin has been stubbed. {"adminResolution":{"declared":true,"installed":true,"version":"10.3.0","resolution":"C:\\Users\\jbm03\\Desktop\\projects\\amazon-clone\\functions\\node_modules\\firebase-admin\\lib\\index.js"}} {"metadata":{"emulator":{"name":"functions"},"function":{"name":"us-central1-api"},"extension":{},"message":"[runtime-status] [7240] firebase-admin has been stubbed. {\"adminResolution\":{\"declared\":true,\"installed\":true,\"version\":\"10.3.0\",\"resolution\":\"C:\\\\Users\\\\jbm03\\\\Desktop\\\\projects\\\\amazon-clone\\\\functions\\\\node_modules\\\\firebase-admin\\\\lib\\\\index.js\"}}"}}
[debug] [2022-07-26T20:45:00.049Z] [runtime-status] [7240] Functions runtime initialized. {"cwd":"C:\\Users\\jbm03\\Desktop\\projects\\amazon-clone\\functions","node_version":"16.13.2"} {"metadata":{"emulator":{"name":"functions"},"function":{"name":"us-central1-api"},"extension":{},"message":"[runtime-status] [7240] Functions runtime initialized. {\"cwd\":\"C:\\\\Users\\\\jbm03\\\\Desktop\\\\projects\\\\amazon-clone\\\\functions\",\"node_version\":\"16.13.2\"}"}}
[debug] [2022-07-26T20:45:00.240Z] [runtime-status] [7240] Beginning invocation function api! {"metadata":{"emulator":{"name":"functions"},"function":{"name":"us-central1-api"},"extension":{},"message":"[runtime-status] [7240] Beginning invocation function api!"}}
[info] i  functions: Beginning execution of "api" {"metadata":{"emulator":{"name":"functions"},"function":{"name":"us-central1-api"},"extension":{},"message":"Beginning execution of \"api\""}}
[debug] [2022-07-26T20:45:00.241Z] [runtime-status] [7240] Running api in signature http {"metadata":{"emulator":{"name":"functions"},"function":{"name":"us-central1-api"},"extension":{},"message":"[runtime-status] [7240] Running api in signature http"}}
[debug] [2022-07-26T20:45:00.245Z] [runtime-status] [7240] Attempting to listen to port: \\?\pipe\fire_emu_9da2f3d266247321 {"metadata":{"emulator":{"name":"functions"},"function":{"name":"us-central1-api"},"extension":{},"message":"[runtime-status] [7240] Attempting to listen to port: \\\\?\\pipe\\fire_emu_9da2f3d266247321"}}
[debug] [2022-07-26T20:45:00.268Z] [functions] Runtime ready! Sending request! {"metadata":{"emulator":{"name":"functions"},"message":"[functions] Runtime ready! Sending request!"}}
[debug] [2022-07-26T20:45:00.268Z] [functions] Got req.url=/clone-3f5fd/us-central1/api, mapping to path=/ {"metadata":{"emulator":{"name":"functions"},"message":"[functions] Got req.url=/clone-3f5fd/us-central1/api, mapping to path=/"}}
[debug] [2022-07-26T20:45:00.270Z] [runtime-status] [7240] Ephemeral server handling GET request {"metadata":{"emulator":{"name":"functions"},"function":{"name":"us-central1-api"},"extension":{},"message":"[runtime-status] [7240] Ephemeral server handling GET request"}}
[debug] [2022-07-26T20:45:00.273Z] [runtime-status] [7240] Ephemeral server survived. {"metadata":{"emulator":{"name":"functions"},"function":{"name":"us-central1-api"},"extension":{},"message":"[runtime-status] [7240] Ephemeral server survived."}}
[info] i  functions: Finished "api" in ~1s {"metadata":{"emulator":{"name":"functions"},"function":{"name":"us-central1-api"},"extension":{},"message":"Finished \"api\" in ~1s"}}
[debug] [2022-07-26T20:45:00.275Z] [worker-us-central1-api-5059a06e-ebde-4df7-bd09-bfc3adae3837]: IDLE {"metadata":{"emulator":{"name":"functions"},"message":"[worker-us-central1-api-5059a06e-ebde-4df7-bd09-bfc3adae3837]: IDLE"}}
[debug] [2022-07-26T20:45:00.275Z] [work-queue] {"queueLength":0,"workRunningCount":0}
[debug] [2022-07-26T20:48:43.372Z] [worker-us-central1-api-5059a06e-ebde-4df7-bd09-bfc3adae3837]: exited {"metadata":{"emulator":{"name":"functions"},"message":"[worker-us-central1-api-5059a06e-ebde-4df7-bd09-bfc3adae3837]: exited"}}
